<?xml version="1.0" encoding="UTF-8"?>
<!-- Generated by org.testng.reporters.JUnitReportReporter -->
<testsuite hostname="DESKTOP-PGL0QVV" failures="0" tests="1" name="com_Luma_Test_Cases.TC_01_Luma_Registration" time="15.458" errors="0" timestamp="2024-12-02T12:08:02 IST" skipped="0">
  <testcase classname="com_Luma_Test_Cases.TC_01_Luma_Registration" name="LumaRegistration" time="15.458"/>
</testsuite> <!-- com_Luma_Test_Cases.TC_01_Luma_Registration -->
